<?xml version="1.0" encoding="UTF-8"?>
<!-- Generated by org.testng.reporters.JUnitReportReporter -->
<testsuite hostname="U-LP166" name="Gmail" tests="2" failures="0" timestamp="18 Nov 2016 04:51:04 GMT" time="40.569" errors="0">
  <testcase name="test" time="21.056" classname="Gmail"/>
  <testcase name="test" time="19.513" classname="Gmail"/>
</testsuite> <!-- Gmail -->
