<?xml version="1.0" encoding="UTF-8"?>
<!-- Generated by org.testng.reporters.JUnitReportReporter -->
<testsuite hostname="U-LP166" name="GmailFileUpload" tests="2" failures="0" timestamp="17 Nov 2016 21:05:17 GMT" time="112.681" errors="0">
  <testcase name="test" time="59.626" classname="GmailFileUpload"/>
  <testcase name="test" time="53.055" classname="GmailFileUpload"/>
</testsuite> <!-- GmailFileUpload -->
